PLINK v1.90b1b 64-bit (20 May 2014)
11 arguments: --bfile /share/PI/laramied/projects/TUTORIALS/polygenic_scoring/Pherandom.All_1000_Genomes_biallelic_SNPs_maf001 --out SCZ --q-score-file /share/PI/laramied/projects/TUTORIALS/polygenic_scoring/SCZ_2014_pvalue_score --q-score-range /share/PI/laramied/projects/TUTORIALS/polygenic_scoring/q.ranges.GWASsig_to_1 --score /share/PI/laramied/projects/TUTORIALS/polygenic_scoring/SCZ_2014_logOR_score no-mean-imputation
Hostname: sh-5-36.local
Working directory: /home/hyshen/TUTORIALS
Start time: Wed Jul 26 16:34:27 2017

Note: --q-score-file flag deprecated.  Pass multiple parameters to
--q-score-range instead.
Random number seed: 1501112067
64380 MB RAM detected; reserving 32190 MB for main workspace.
26045160 variants loaded from .bim file.
2504 people (0 males, 0 females, 2504 ambiguous) loaded from .fam.
Ambiguous sex IDs written to SCZ.nosex .
2504 phenotype values loaded from .fam.
Warning: Ignoring phenotypes of missing-sex samples.  If you don't want those
phenotypes to be ignored, use the --allow-no-sex flag.
Using 1 thread (no multithreaded calculations invoked).
Calculating allele frequencies... done.
26045160 variants and 2504 people pass filters and QC.
Note: No phenotypes present.
Warning: 2594 lines skipped in --score file.
Warning: 2594 lines skipped in --q-score-range data file.
SCZ.Psi.profile written.
SCZ.Pe6.profile written.
SCZ.pe4.profile written.
SCZ.pe3.profile written.
SCZ.pe2.profile written.
SCZ.P05.profile written.
SCZ.P10.profile written.
SCZ.P20.profile written.
SCZ.P30.profile written.
SCZ.P40.profile written.
SCZ.P50.profile written.
SCZ.P75.profile written.
SCZ.all.profile written.
--score: 13 ranges processed.

End time: Wed Jul 26 16:57:24 2017
